0 info it worked if it ends with ok
1 verbose cli [ 'C:\\Program Files\\nodejs\\node.exe',
1 verbose cli   'C:\\Program Files\\nodejs\\node_modules\\npm\\bin\\npm-cli.js',
1 verbose cli   'run',
1 verbose cli   'start' ]
2 info using npm@3.10.10
3 info using node@v6.10.2
4 verbose run-script [ 'prestart', 'start', 'poststart' ]
5 info lifecycle github-battle@1.0.0~prestart: github-battle@1.0.0
6 silly lifecycle github-battle@1.0.0~prestart: no script for prestart, continuing
7 info lifecycle github-battle@1.0.0~start: github-battle@1.0.0
8 verbose lifecycle github-battle@1.0.0~start: unsafe-perm in lifecycle true
9 verbose lifecycle github-battle@1.0.0~start: PATH: C:\Program Files\nodejs\node_modules\npm\bin\node-gyp-bin;C:\Users\driquelme\Desktop\curso_react\react-trainning\github-battle\node_modules\.bin;C:\Python27\Lib\site-packages\PyQt4;C:\ProgramData\Oracle\Java\javapath;C:\Python27\;C:\Windows\system32;C:\Windows;C:\Windows\System32\Wbem;C:\Windows\System32\WindowsPowerShell\v1.0\;C:\xampp\php;C:\ProgramData\ComposerSetup\bin;C:\Program Files (x86)\Microsoft SQL Server\100\Tools\Binn\;C:\Program Files\Microsoft SQL Server\100\Tools\Binn\;C:\Program Files\Microsoft SQL Server\100\DTS\Binn\;C:\Program Files (x86)\Windows Kits\8.1\Windows Performance Toolkit\;C:\Program Files\Microsoft SQL Server\110\Tools\Binn\;C:\Program Files (x86)\Microsoft SDKs\TypeScript\1.0\;C:\Program Files (x86)\GtkSharp\2.12\bin;C:\Program Files\Java\jdk1.8.0_20\bin;C:\Program Files\Microsoft SQL Server\Client SDK\ODBC\110\Tools\Binn\;C:\Program Files (x86)\Microsoft SQL Server\120\Tools\Binn\ManagementStudio\;C:\Program Files (x86)\Microsoft SQL Server\120\Tools\Binn\;C:\Program Files\Microsoft SQL Server\120\Tools\Binn\;C:\Program Files (x86)\Microsoft SQL Server\120\DTS\Binn\;C:\Program Files\Microsoft SQL Server\120\DTS\Binn\;C:\Program Files\MongoDB\Server\3.2\bin;C:\Python27\Scripts;C:\Program Files (x86)\Brackets\command;C:\Program Files\nodejs\;C:\Cocos\frameworks\cocos2d-x-3.8\tools\cocos2d-console\bin;C:\COCOS2D\cocos2d-x-3.6\templates;JAVA_HOME%\bin;C:\Users\driquelme\AppData\Roaming\npm
10 verbose lifecycle github-battle@1.0.0~start: CWD: C:\Users\driquelme\Desktop\curso_react\react-trainning\github-battle
11 silly lifecycle github-battle@1.0.0~start: Args: [ '/d /s /c', 'webpack-dev-server --open' ]
12 silly lifecycle github-battle@1.0.0~start: Returned: code: 3221225786  signal: null
13 info lifecycle github-battle@1.0.0~start: Failed to exec start script
14 verbose stack Error: github-battle@1.0.0 start: `webpack-dev-server --open`
14 verbose stack Exit status 3221225786
14 verbose stack     at EventEmitter.<anonymous> (C:\Program Files\nodejs\node_modules\npm\lib\utils\lifecycle.js:255:16)
14 verbose stack     at emitTwo (events.js:106:13)
14 verbose stack     at EventEmitter.emit (events.js:191:7)
14 verbose stack     at ChildProcess.<anonymous> (C:\Program Files\nodejs\node_modules\npm\lib\utils\spawn.js:40:14)
14 verbose stack     at emitTwo (events.js:106:13)
14 verbose stack     at ChildProcess.emit (events.js:191:7)
14 verbose stack     at maybeClose (internal/child_process.js:886:16)
14 verbose stack     at Process.ChildProcess._handle.onexit (internal/child_process.js:226:5)
15 verbose pkgid github-battle@1.0.0
16 verbose cwd C:\Users\driquelme\Desktop\curso_react\react-trainning\github-battle
17 error Windows_NT 6.1.7601
18 error argv "C:\\Program Files\\nodejs\\node.exe" "C:\\Program Files\\nodejs\\node_modules\\npm\\bin\\npm-cli.js" "run" "start"
19 error node v6.10.2
20 error npm  v3.10.10
21 error code ELIFECYCLE
22 error github-battle@1.0.0 start: `webpack-dev-server --open`
22 error Exit status 3221225786
23 error Failed at the github-battle@1.0.0 start script 'webpack-dev-server --open'.
23 error Make sure you have the latest version of node.js and npm installed.
23 error If you do, this is most likely a problem with the github-battle package,
23 error not with npm itself.
23 error Tell the author that this fails on your system:
23 error     webpack-dev-server --open
23 error You can get information on how to open an issue for this project with:
23 error     npm bugs github-battle
23 error Or if that isn't available, you can get their info via:
23 error     npm owner ls github-battle
23 error There is likely additional logging output above.
24 verbose exit [ 1, true ]
